[debug] [2018-06-15T07:10:50.046Z] ----------------------------------------------------------------------
[debug] [2018-06-15T07:10:50.048Z] Command:       /usr/local/Cellar/node/10.3.0/bin/node /usr/local/bin/firebase serve --only functions
[debug] [2018-06-15T07:10:50.048Z] CLI Version:   3.18.6
[debug] [2018-06-15T07:10:50.048Z] Platform:      darwin
[debug] [2018-06-15T07:10:50.048Z] Node Version:  v10.3.0
[debug] [2018-06-15T07:10:50.048Z] Time:          Fri Jun 15 2018 16:10:50 GMT+0900 (JST)
[debug] [2018-06-15T07:10:50.048Z] ----------------------------------------------------------------------
[debug] 
[debug] [2018-06-15T07:10:50.061Z] > command requires scopes: ["email","openid","https://www.googleapis.com/auth/cloudplatformprojects.readonly","https://www.googleapis.com/auth/firebase","https://www.googleapis.com/auth/cloud-platform"]
[debug] [2018-06-15T07:10:50.061Z] > authorizing via signed-in user
[debug] [2018-06-15T07:10:50.064Z] >>> HTTP REQUEST GET https://admin.firebase.com/v1/projects/messenger-1994  
  
 Fri Jun 15 2018 16:10:50 GMT+0900 (JST)
[debug] [2018-06-15T07:10:50.889Z] <<< HTTP RESPONSE 200
[debug] [2018-06-15T07:10:50.890Z] >>> HTTP REQUEST GET https://admin.firebase.com/v1/database/messenger-1994/tokens  
  
 Fri Jun 15 2018 16:10:50 GMT+0900 (JST)
[debug] [2018-06-15T07:10:51.564Z] <<< HTTP RESPONSE 200
[debug] [2018-06-15T07:10:51.565Z] >>> HTTP REQUEST GET https://cloudresourcemanager.googleapis.com/v1/projects/messenger-1994  
  
 Fri Jun 15 2018 16:10:51 GMT+0900 (JST)
[debug] [2018-06-15T07:10:52.449Z] <<< HTTP RESPONSE 200
[info] 
[info] === Serving from '/Users/meza/Desktop/Root/01-Dev/Messenger-server'...
[info] 
[info] i  functions: Preparing to emulate functions.
[debug] [2018-06-15T07:10:53.839Z] Fetching environment
[debug] [2018-06-15T07:10:53.841Z] >>> HTTP REQUEST GET https://mobilesdk-pa.googleapis.com/v1/projects/465874014219:getServerAppConfig  
  
 Fri Jun 15 2018 16:10:53 GMT+0900 (JST)
[debug] [2018-06-15T07:10:54.473Z] <<< HTTP RESPONSE 200
[debug] [2018-06-15T07:10:54.473Z] Starting @google-cloud/functions-emulator
[debug] [2018-06-15T07:10:56.045Z] Parsing function triggers
[debug] [2018-06-15T07:10:56.481Z] Error while deploying to emulator: RangeError [ERR_OUT_OF_RANGE]: The value of "value" is out of range. It must be >= -2147483648 and <= 2147483647. Received 3723304392
RangeError [ERR_OUT_OF_RANGE]: The value of "value" is out of range. It must be >= -2147483648 and <= 2147483647. Received 3723304392
    at checkInt (internal/buffer.js:35:11)
    at writeU_Int32LE (internal/buffer.js:515:3)
    at Buffer.writeInt32LE (internal/buffer.js:684:10)
    at Object.entryHeaderToBinary (/usr/local/lib/node_modules/firebase-tools/node_modules/adm-zip/headers/entryHeader.js:216:18)
    at Object.packHeader (/usr/local/lib/node_modules/firebase-tools/node_modules/adm-zip/zipEntry.js:260:39)
    at /usr/local/lib/node_modules/firebase-tools/node_modules/adm-zip/zipFile.js:198:41
    at Array.forEach (<anonymous>)
    at Object.compressToBuffer (/usr/local/lib/node_modules/firebase-tools/node_modules/adm-zip/zipFile.js:182:23)
    at Object.writeZip (/usr/local/lib/node_modules/firebase-tools/node_modules/adm-zip/adm-zip.js:454:32)
    at client.generateUploadUrl.then.then (/usr/local/lib/node_modules/firebase-tools/node_modules/@google-cloud/functions-emulator/src/cli/controller.js:168:13)
[warn] ⚠  functions: Failed to emulate helloWorld
[info] i  functions: No HTTPS functions found. Use firebase functions:shell if you would like to emulate other types of functions.
[debug] [2018-06-15T08:10:32.785Z] ----------------------------------------------------------------------
[debug] [2018-06-15T08:10:32.788Z] Command:       /usr/local/Cellar/node/10.3.0/bin/node /usr/local/bin/firebase serve --only functions
[debug] [2018-06-15T08:10:32.788Z] CLI Version:   3.18.6
[debug] [2018-06-15T08:10:32.788Z] Platform:      darwin
[debug] [2018-06-15T08:10:32.789Z] Node Version:  v10.3.0
[debug] [2018-06-15T08:10:32.789Z] Time:          Fri Jun 15 2018 17:10:32 GMT+0900 (JST)
[debug] [2018-06-15T08:10:32.789Z] ----------------------------------------------------------------------
[debug] 
[debug] [2018-06-15T08:10:32.806Z] > command requires scopes: ["email","openid","https://www.googleapis.com/auth/cloudplatformprojects.readonly","https://www.googleapis.com/auth/firebase","https://www.googleapis.com/auth/cloud-platform"]
[debug] [2018-06-15T08:10:32.807Z] > authorizing via signed-in user
[debug] [2018-06-15T08:10:32.808Z] > refreshing access token with scopes: ["email","https://www.googleapis.com/auth/cloud-platform","https://www.googleapis.com/auth/cloudplatformprojects.readonly","https://www.googleapis.com/auth/firebase","openid"]
[debug] [2018-06-15T08:10:32.809Z] >>> HTTP REQUEST POST https://www.googleapis.com/oauth2/v3/token  
 { refresh_token:
   '1/jJVZb3fsOVH-KxiL8MYKr9jWWJdy9XkWm8u-4UDNgGN_mRDuOlgL9xB6zE_KKuIm',
  client_id:
   '563584335869-fgrhgmd47bqnekij5i8b5pr03ho849e6.apps.googleusercontent.com',
  client_secret: 'j9iVZfS8kkCEFUPaAeJV0sAi',
  grant_type: 'refresh_token',
  scope:
   'email https://www.googleapis.com/auth/cloud-platform https://www.googleapis.com/auth/cloudplatformprojects.readonly https://www.googleapis.com/auth/firebase openid' } 
 Fri Jun 15 2018 17:10:32 GMT+0900 (JST)
[debug] [2018-06-15T08:10:33.063Z] <<< HTTP RESPONSE 200
[debug] [2018-06-15T08:10:33.095Z] >>> HTTP REQUEST GET https://admin.firebase.com/v1/projects/messenger-1994  
  
 Fri Jun 15 2018 17:10:33 GMT+0900 (JST)
[debug] [2018-06-15T08:10:34.001Z] <<< HTTP RESPONSE 200
[debug] [2018-06-15T08:10:34.002Z] >>> HTTP REQUEST GET https://admin.firebase.com/v1/database/messenger-1994/tokens  
  
 Fri Jun 15 2018 17:10:34 GMT+0900 (JST)
[debug] [2018-06-15T08:10:34.733Z] <<< HTTP RESPONSE 200
[debug] [2018-06-15T08:10:34.734Z] >>> HTTP REQUEST GET https://cloudresourcemanager.googleapis.com/v1/projects/messenger-1994  
  
 Fri Jun 15 2018 17:10:34 GMT+0900 (JST)
[debug] [2018-06-15T08:10:35.607Z] <<< HTTP RESPONSE 200
[info] 
[info] === Serving from '/Users/meza/Desktop/Root/01-Dev/Messenger-server'...
[info] 
[info] i  functions: Preparing to emulate functions.
[debug] [2018-06-15T08:10:37.117Z] Fetching environment
[debug] [2018-06-15T08:10:37.121Z] >>> HTTP REQUEST GET https://mobilesdk-pa.googleapis.com/v1/projects/465874014219:getServerAppConfig  
  
 Fri Jun 15 2018 17:10:37 GMT+0900 (JST)
[debug] [2018-06-15T08:10:37.822Z] <<< HTTP RESPONSE 200
[debug] [2018-06-15T08:10:37.823Z] Starting @google-cloud/functions-emulator
[debug] [2018-06-15T08:10:40.408Z] Parsing function triggers
[debug] [2018-06-15T08:10:40.854Z] Error while deploying to emulator: RangeError [ERR_OUT_OF_RANGE]: The value of "value" is out of range. It must be >= -2147483648 and <= 2147483647. Received 2412386291
RangeError [ERR_OUT_OF_RANGE]: The value of "value" is out of range. It must be >= -2147483648 and <= 2147483647. Received 2412386291
    at checkInt (internal/buffer.js:35:11)
    at writeU_Int32LE (internal/buffer.js:515:3)
    at Buffer.writeInt32LE (internal/buffer.js:684:10)
    at Object.entryHeaderToBinary (/usr/local/lib/node_modules/firebase-tools/node_modules/adm-zip/headers/entryHeader.js:216:18)
    at Object.packHeader (/usr/local/lib/node_modules/firebase-tools/node_modules/adm-zip/zipEntry.js:260:39)
    at /usr/local/lib/node_modules/firebase-tools/node_modules/adm-zip/zipFile.js:198:41
    at Array.forEach (<anonymous>)
    at Object.compressToBuffer (/usr/local/lib/node_modules/firebase-tools/node_modules/adm-zip/zipFile.js:182:23)
    at Object.writeZip (/usr/local/lib/node_modules/firebase-tools/node_modules/adm-zip/adm-zip.js:454:32)
    at client.generateUploadUrl.then.then (/usr/local/lib/node_modules/firebase-tools/node_modules/@google-cloud/functions-emulator/src/cli/controller.js:168:13)
[warn] ⚠  functions: Failed to emulate helloWorld
[info] i  functions: No HTTPS functions found. Use firebase functions:shell if you would like to emulate other types of functions.
[debug] [2018-06-15T08:18:20.817Z] ----------------------------------------------------------------------
[debug] [2018-06-15T08:18:20.819Z] Command:       /usr/local/Cellar/node/10.3.0/bin/node /usr/local/bin/firebase serve --only functions
[debug] [2018-06-15T08:18:20.820Z] CLI Version:   3.18.6
[debug] [2018-06-15T08:18:20.820Z] Platform:      darwin
[debug] [2018-06-15T08:18:20.820Z] Node Version:  v10.3.0
[debug] [2018-06-15T08:18:20.820Z] Time:          Fri Jun 15 2018 17:18:20 GMT+0900 (JST)
[debug] [2018-06-15T08:18:20.820Z] ----------------------------------------------------------------------
[debug] 
[debug] [2018-06-15T08:18:20.837Z] > command requires scopes: ["email","openid","https://www.googleapis.com/auth/cloudplatformprojects.readonly","https://www.googleapis.com/auth/firebase","https://www.googleapis.com/auth/cloud-platform"]
[debug] [2018-06-15T08:18:20.837Z] > authorizing via signed-in user
[debug] [2018-06-15T08:18:20.839Z] >>> HTTP REQUEST GET https://admin.firebase.com/v1/projects/messenger-1994  
  
 Fri Jun 15 2018 17:18:20 GMT+0900 (JST)
[debug] [2018-06-15T08:18:21.788Z] <<< HTTP RESPONSE 200
[debug] [2018-06-15T08:18:21.789Z] >>> HTTP REQUEST GET https://admin.firebase.com/v1/database/messenger-1994/tokens  
  
 Fri Jun 15 2018 17:18:21 GMT+0900 (JST)
[debug] [2018-06-15T08:18:22.506Z] <<< HTTP RESPONSE 200
[debug] [2018-06-15T08:18:22.507Z] >>> HTTP REQUEST GET https://cloudresourcemanager.googleapis.com/v1/projects/messenger-1994  
  
 Fri Jun 15 2018 17:18:22 GMT+0900 (JST)
[debug] [2018-06-15T08:18:23.331Z] <<< HTTP RESPONSE 200
[info] 
[info] === Serving from '/Users/meza/Desktop/Root/01-Dev/Messenger-server'...
[info] 
[info] i  functions: Preparing to emulate functions.
[debug] [2018-06-15T08:18:24.787Z] Fetching environment
[debug] [2018-06-15T08:18:24.790Z] >>> HTTP REQUEST GET https://mobilesdk-pa.googleapis.com/v1/projects/465874014219:getServerAppConfig  
  
 Fri Jun 15 2018 17:18:24 GMT+0900 (JST)
[debug] [2018-06-15T08:18:25.388Z] <<< HTTP RESPONSE 200
[debug] [2018-06-15T08:18:25.389Z] Starting @google-cloud/functions-emulator
[debug] [2018-06-15T08:18:28.008Z] Parsing function triggers
[debug] [2018-06-15T08:18:28.378Z] Error while deploying to emulator: RangeError [ERR_OUT_OF_RANGE]: The value of "value" is out of range. It must be >= -2147483648 and <= 2147483647. Received 3729567285
RangeError [ERR_OUT_OF_RANGE]: The value of "value" is out of range. It must be >= -2147483648 and <= 2147483647. Received 3729567285
    at checkInt (internal/buffer.js:35:11)
    at writeU_Int32LE (internal/buffer.js:515:3)
    at Buffer.writeInt32LE (internal/buffer.js:684:10)
    at Object.entryHeaderToBinary (/usr/local/lib/node_modules/firebase-tools/node_modules/adm-zip/headers/entryHeader.js:216:18)
    at Object.packHeader (/usr/local/lib/node_modules/firebase-tools/node_modules/adm-zip/zipEntry.js:260:39)
    at /usr/local/lib/node_modules/firebase-tools/node_modules/adm-zip/zipFile.js:198:41
    at Array.forEach (<anonymous>)
    at Object.compressToBuffer (/usr/local/lib/node_modules/firebase-tools/node_modules/adm-zip/zipFile.js:182:23)
    at Object.writeZip (/usr/local/lib/node_modules/firebase-tools/node_modules/adm-zip/adm-zip.js:454:32)
    at client.generateUploadUrl.then.then (/usr/local/lib/node_modules/firebase-tools/node_modules/@google-cloud/functions-emulator/src/cli/controller.js:168:13)
[warn] ⚠  functions: Failed to emulate helloWorld
[info] i  functions: No HTTPS functions found. Use firebase functions:shell if you would like to emulate other types of functions.
[debug] [2018-06-15T08:22:52.381Z] ----------------------------------------------------------------------
[debug] [2018-06-15T08:22:52.383Z] Command:       /usr/local/Cellar/node/10.3.0/bin/node /usr/local/bin/firebase serve --only functions
[debug] [2018-06-15T08:22:52.383Z] CLI Version:   3.18.6
[debug] [2018-06-15T08:22:52.384Z] Platform:      darwin
[debug] [2018-06-15T08:22:52.384Z] Node Version:  v10.3.0
[debug] [2018-06-15T08:22:52.384Z] Time:          Fri Jun 15 2018 17:22:52 GMT+0900 (JST)
[debug] [2018-06-15T08:22:52.384Z] ----------------------------------------------------------------------
[debug] 
[debug] [2018-06-15T08:22:52.400Z] > command requires scopes: ["email","openid","https://www.googleapis.com/auth/cloudplatformprojects.readonly","https://www.googleapis.com/auth/firebase","https://www.googleapis.com/auth/cloud-platform"]
[debug] [2018-06-15T08:22:52.400Z] > authorizing via signed-in user
[debug] [2018-06-15T08:22:52.402Z] >>> HTTP REQUEST GET https://admin.firebase.com/v1/projects/messenger-1994  
  
 Fri Jun 15 2018 17:22:52 GMT+0900 (JST)
[debug] [2018-06-15T08:22:53.267Z] <<< HTTP RESPONSE 200
[debug] [2018-06-15T08:22:53.268Z] >>> HTTP REQUEST GET https://admin.firebase.com/v1/database/messenger-1994/tokens  
  
 Fri Jun 15 2018 17:22:53 GMT+0900 (JST)
[debug] [2018-06-15T08:22:53.977Z] <<< HTTP RESPONSE 200
[debug] [2018-06-15T08:22:53.978Z] >>> HTTP REQUEST GET https://cloudresourcemanager.googleapis.com/v1/projects/messenger-1994  
  
 Fri Jun 15 2018 17:22:53 GMT+0900 (JST)
[debug] [2018-06-15T08:22:54.848Z] <<< HTTP RESPONSE 200
[info] 
[info] === Serving from '/Users/meza/Desktop/Root/01-Dev/Messenger-server'...
[info] 
[info] i  functions: Preparing to emulate functions.
[debug] [2018-06-15T08:22:56.026Z] Fetching environment
[debug] [2018-06-15T08:22:56.029Z] >>> HTTP REQUEST GET https://mobilesdk-pa.googleapis.com/v1/projects/465874014219:getServerAppConfig  
  
 Fri Jun 15 2018 17:22:56 GMT+0900 (JST)
[debug] [2018-06-15T08:22:56.800Z] <<< HTTP RESPONSE 200
[debug] [2018-06-15T08:22:56.800Z] Starting @google-cloud/functions-emulator
[debug] [2018-06-15T08:22:58.874Z] Parsing function triggers
[debug] [2018-06-15T08:22:59.213Z] Error while deploying to emulator: RangeError [ERR_OUT_OF_RANGE]: The value of "value" is out of range. It must be >= -2147483648 and <= 2147483647. Received 2645674355
RangeError [ERR_OUT_OF_RANGE]: The value of "value" is out of range. It must be >= -2147483648 and <= 2147483647. Received 2645674355
    at checkInt (internal/buffer.js:35:11)
    at writeU_Int32LE (internal/buffer.js:515:3)
    at Buffer.writeInt32LE (internal/buffer.js:684:10)
    at Object.entryHeaderToBinary (/usr/local/lib/node_modules/firebase-tools/node_modules/adm-zip/headers/entryHeader.js:216:18)
    at Object.packHeader (/usr/local/lib/node_modules/firebase-tools/node_modules/adm-zip/zipEntry.js:260:39)
    at /usr/local/lib/node_modules/firebase-tools/node_modules/adm-zip/zipFile.js:198:41
    at Array.forEach (<anonymous>)
    at Object.compressToBuffer (/usr/local/lib/node_modules/firebase-tools/node_modules/adm-zip/zipFile.js:182:23)
    at Object.writeZip (/usr/local/lib/node_modules/firebase-tools/node_modules/adm-zip/adm-zip.js:454:32)
    at client.generateUploadUrl.then.then (/usr/local/lib/node_modules/firebase-tools/node_modules/@google-cloud/functions-emulator/src/cli/controller.js:168:13)
[warn] ⚠  functions: Failed to emulate helloWorld2
[info] i  functions: No HTTPS functions found. Use firebase functions:shell if you would like to emulate other types of functions.
[debug] [2018-06-15T08:29:55.319Z] ----------------------------------------------------------------------
[debug] [2018-06-15T08:29:55.321Z] Command:       /usr/local/Cellar/node/10.3.0/bin/node /usr/local/bin/firebase serve -p 5000 -o 127.0.0.1 --only functions
[debug] [2018-06-15T08:29:55.321Z] CLI Version:   3.18.6
[debug] [2018-06-15T08:29:55.321Z] Platform:      darwin
[debug] [2018-06-15T08:29:55.322Z] Node Version:  v10.3.0
[debug] [2018-06-15T08:29:55.324Z] Time:          Fri Jun 15 2018 17:29:55 GMT+0900 (JST)
[debug] [2018-06-15T08:29:55.324Z] ----------------------------------------------------------------------
[debug] 
[debug] [2018-06-15T08:29:55.341Z] > command requires scopes: ["email","openid","https://www.googleapis.com/auth/cloudplatformprojects.readonly","https://www.googleapis.com/auth/firebase","https://www.googleapis.com/auth/cloud-platform"]
[debug] [2018-06-15T08:29:55.341Z] > authorizing via signed-in user
[debug] [2018-06-15T08:29:55.343Z] >>> HTTP REQUEST GET https://admin.firebase.com/v1/projects/messenger-1994  
  
 Fri Jun 15 2018 17:29:55 GMT+0900 (JST)
[debug] [2018-06-15T08:29:56.132Z] <<< HTTP RESPONSE 200
[debug] [2018-06-15T08:29:56.133Z] >>> HTTP REQUEST GET https://admin.firebase.com/v1/database/messenger-1994/tokens  
  
 Fri Jun 15 2018 17:29:56 GMT+0900 (JST)
[debug] [2018-06-15T08:29:56.804Z] <<< HTTP RESPONSE 200
[debug] [2018-06-15T08:29:56.805Z] >>> HTTP REQUEST GET https://cloudresourcemanager.googleapis.com/v1/projects/messenger-1994  
  
 Fri Jun 15 2018 17:29:56 GMT+0900 (JST)
[debug] [2018-06-15T08:29:57.660Z] <<< HTTP RESPONSE 200
[info] 
[info] === Serving from '/Users/meza/Desktop/Root/01-Dev/Messenger-server'...
[info] 
[info] i  functions: Preparing to emulate functions.
[debug] [2018-06-15T08:29:58.840Z] Fetching environment
[debug] [2018-06-15T08:29:58.842Z] >>> HTTP REQUEST GET https://mobilesdk-pa.googleapis.com/v1/projects/465874014219:getServerAppConfig  
  
 Fri Jun 15 2018 17:29:58 GMT+0900 (JST)
[debug] [2018-06-15T08:29:59.503Z] <<< HTTP RESPONSE 200
[debug] [2018-06-15T08:29:59.503Z] Starting @google-cloud/functions-emulator
[debug] [2018-06-15T08:30:01.062Z] Parsing function triggers
[debug] [2018-06-15T08:30:01.391Z] Error while deploying to emulator: RangeError [ERR_OUT_OF_RANGE]: The value of "value" is out of range. It must be >= -2147483648 and <= 2147483647. Received 2924387119
RangeError [ERR_OUT_OF_RANGE]: The value of "value" is out of range. It must be >= -2147483648 and <= 2147483647. Received 2924387119
    at checkInt (internal/buffer.js:35:11)
    at writeU_Int32LE (internal/buffer.js:515:3)
    at Buffer.writeInt32LE (internal/buffer.js:684:10)
    at Object.entryHeaderToBinary (/usr/local/lib/node_modules/firebase-tools/node_modules/adm-zip/headers/entryHeader.js:216:18)
    at Object.packHeader (/usr/local/lib/node_modules/firebase-tools/node_modules/adm-zip/zipEntry.js:260:39)
    at /usr/local/lib/node_modules/firebase-tools/node_modules/adm-zip/zipFile.js:198:41
    at Array.forEach (<anonymous>)
    at Object.compressToBuffer (/usr/local/lib/node_modules/firebase-tools/node_modules/adm-zip/zipFile.js:182:23)
    at Object.writeZip (/usr/local/lib/node_modules/firebase-tools/node_modules/adm-zip/adm-zip.js:454:32)
    at client.generateUploadUrl.then.then (/usr/local/lib/node_modules/firebase-tools/node_modules/@google-cloud/functions-emulator/src/cli/controller.js:168:13)
[warn] ⚠  functions: Failed to emulate helloWorld2
[info] i  functions: No HTTPS functions found. Use firebase functions:shell if you would like to emulate other types of functions.
[debug] [2018-06-15T08:32:38.875Z] ----------------------------------------------------------------------
[debug] [2018-06-15T08:32:38.878Z] Command:       /usr/local/Cellar/node/10.3.0/bin/node /usr/local/bin/firebase serve --only functions
[debug] [2018-06-15T08:32:38.878Z] CLI Version:   3.18.6
[debug] [2018-06-15T08:32:38.878Z] Platform:      darwin
[debug] [2018-06-15T08:32:38.878Z] Node Version:  v10.3.0
[debug] [2018-06-15T08:32:38.879Z] Time:          Fri Jun 15 2018 17:32:38 GMT+0900 (JST)
[debug] [2018-06-15T08:32:38.879Z] ----------------------------------------------------------------------
[debug] 
[debug] [2018-06-15T08:32:38.892Z] > command requires scopes: ["email","openid","https://www.googleapis.com/auth/cloudplatformprojects.readonly","https://www.googleapis.com/auth/firebase","https://www.googleapis.com/auth/cloud-platform"]
[debug] [2018-06-15T08:32:38.892Z] > authorizing via signed-in user
[debug] [2018-06-15T08:32:38.894Z] >>> HTTP REQUEST GET https://admin.firebase.com/v1/projects/messenger-1994  
  
 Fri Jun 15 2018 17:32:38 GMT+0900 (JST)
[debug] [2018-06-15T08:32:39.739Z] <<< HTTP RESPONSE 200
[debug] [2018-06-15T08:32:39.740Z] >>> HTTP REQUEST GET https://admin.firebase.com/v1/database/messenger-1994/tokens  
  
 Fri Jun 15 2018 17:32:39 GMT+0900 (JST)
[debug] [2018-06-15T08:32:40.497Z] <<< HTTP RESPONSE 200
[debug] [2018-06-15T08:32:40.498Z] >>> HTTP REQUEST GET https://cloudresourcemanager.googleapis.com/v1/projects/messenger-1994  
  
 Fri Jun 15 2018 17:32:40 GMT+0900 (JST)
[debug] [2018-06-15T08:32:41.332Z] <<< HTTP RESPONSE 200
[info] 
[info] === Serving from '/Users/meza/Desktop/Root/01-Dev/Messenger-server'...
[info] 
[info] i  functions: Preparing to emulate functions.
[debug] [2018-06-15T08:32:42.640Z] Fetching environment
[debug] [2018-06-15T08:32:42.642Z] >>> HTTP REQUEST GET https://mobilesdk-pa.googleapis.com/v1/projects/465874014219:getServerAppConfig  
  
 Fri Jun 15 2018 17:32:42 GMT+0900 (JST)
[debug] [2018-06-15T08:32:43.453Z] <<< HTTP RESPONSE 200
[debug] [2018-06-15T08:32:43.454Z] Starting @google-cloud/functions-emulator
[debug] [2018-06-15T08:32:45.036Z] Parsing function triggers
[debug] [2018-06-15T08:32:45.355Z] Error while deploying to emulator: RangeError [ERR_OUT_OF_RANGE]: The value of "value" is out of range. It must be >= -2147483648 and <= 2147483647. Received 2924387119
RangeError [ERR_OUT_OF_RANGE]: The value of "value" is out of range. It must be >= -2147483648 and <= 2147483647. Received 2924387119
    at checkInt (internal/buffer.js:35:11)
    at writeU_Int32LE (internal/buffer.js:515:3)
    at Buffer.writeInt32LE (internal/buffer.js:684:10)
    at Object.entryHeaderToBinary (/usr/local/lib/node_modules/firebase-tools/node_modules/adm-zip/headers/entryHeader.js:216:18)
    at Object.packHeader (/usr/local/lib/node_modules/firebase-tools/node_modules/adm-zip/zipEntry.js:260:39)
    at /usr/local/lib/node_modules/firebase-tools/node_modules/adm-zip/zipFile.js:198:41
    at Array.forEach (<anonymous>)
    at Object.compressToBuffer (/usr/local/lib/node_modules/firebase-tools/node_modules/adm-zip/zipFile.js:182:23)
    at Object.writeZip (/usr/local/lib/node_modules/firebase-tools/node_modules/adm-zip/adm-zip.js:454:32)
    at client.generateUploadUrl.then.then (/usr/local/lib/node_modules/firebase-tools/node_modules/@google-cloud/functions-emulator/src/cli/controller.js:168:13)
[warn] ⚠  functions: Failed to emulate helloWorld2
[info] i  functions: No HTTPS functions found. Use firebase functions:shell if you would like to emulate other types of functions.
[debug] [2018-06-15T08:34:50.828Z] ----------------------------------------------------------------------
[debug] [2018-06-15T08:34:50.830Z] Command:       /usr/local/Cellar/node/10.3.0/bin/node /usr/local/bin/firebase serve --only functions
[debug] [2018-06-15T08:34:50.830Z] CLI Version:   3.16.0
[debug] [2018-06-15T08:34:50.830Z] Platform:      darwin
[debug] [2018-06-15T08:34:50.830Z] Node Version:  v10.3.0
[debug] [2018-06-15T08:34:50.831Z] Time:          Fri Jun 15 2018 17:34:50 GMT+0900 (JST)
[debug] [2018-06-15T08:34:50.831Z] ----------------------------------------------------------------------
[debug] 
[debug] [2018-06-15T08:34:50.845Z] > command requires scopes: ["email","openid","https://www.googleapis.com/auth/cloudplatformprojects.readonly","https://www.googleapis.com/auth/firebase","https://www.googleapis.com/auth/cloud-platform"]
[debug] [2018-06-15T08:34:50.846Z] > authorizing via signed-in user
[debug] [2018-06-15T08:34:50.847Z] >>> HTTP REQUEST GET https://admin.firebase.com/v1/projects/messenger-1994  
  
 Fri Jun 15 2018 17:34:50 GMT+0900 (JST)
[debug] [2018-06-15T08:34:51.766Z] <<< HTTP RESPONSE 200
[debug] [2018-06-15T08:34:51.767Z] >>> HTTP REQUEST GET https://admin.firebase.com/v1/database/messenger-1994/tokens  
  
 Fri Jun 15 2018 17:34:51 GMT+0900 (JST)
[debug] [2018-06-15T08:34:52.444Z] <<< HTTP RESPONSE 200
[info] 
[info] === Serving from '/Users/meza/Desktop/Root/01-Dev/Messenger-server'...
[info] 
[info] i  functions: Preparing to emulate functions.
[debug] [2018-06-15T08:34:53.021Z] >>> HTTP REQUEST GET https://appengine.googleapis.com/v1/apps/messenger-1994  
  
 Fri Jun 15 2018 17:34:53 GMT+0900 (JST)
[debug] [2018-06-15T08:34:53.022Z] >>> HTTP REQUEST GET https://apikeys.googleapis.com/v1/projects/messenger-1994/apiKeys  
  
 Fri Jun 15 2018 17:34:53 GMT+0900 (JST)
[debug] [2018-06-15T08:34:54.233Z] <<< HTTP RESPONSE 200
[debug] [2018-06-15T08:34:54.235Z] <<< HTTP RESPONSE 200
[warn] ⚠  functions: Failed to emulate helloWorld2
[debug] [2018-06-15T08:36:24.503Z] ----------------------------------------------------------------------
[debug] [2018-06-15T08:36:24.505Z] Command:       /usr/local/Cellar/node/10.3.0/bin/node /usr/local/bin/firebase serve --only functions
[debug] [2018-06-15T08:36:24.506Z] CLI Version:   3.16.0
[debug] [2018-06-15T08:36:24.506Z] Platform:      darwin
[debug] [2018-06-15T08:36:24.506Z] Node Version:  v10.3.0
[debug] [2018-06-15T08:36:24.507Z] Time:          Fri Jun 15 2018 17:36:24 GMT+0900 (JST)
[debug] [2018-06-15T08:36:24.507Z] ----------------------------------------------------------------------
[debug] 
[debug] [2018-06-15T08:36:24.526Z] > command requires scopes: ["email","openid","https://www.googleapis.com/auth/cloudplatformprojects.readonly","https://www.googleapis.com/auth/firebase","https://www.googleapis.com/auth/cloud-platform"]
[debug] [2018-06-15T08:36:24.526Z] > authorizing via signed-in user
[debug] [2018-06-15T08:36:24.528Z] >>> HTTP REQUEST GET https://admin.firebase.com/v1/projects/messenger-1994  
  
 Fri Jun 15 2018 17:36:24 GMT+0900 (JST)
[debug] [2018-06-15T08:36:25.334Z] <<< HTTP RESPONSE 200
[debug] [2018-06-15T08:36:25.335Z] >>> HTTP REQUEST GET https://admin.firebase.com/v1/database/messenger-1994/tokens  
  
 Fri Jun 15 2018 17:36:25 GMT+0900 (JST)
[debug] [2018-06-15T08:36:26.013Z] <<< HTTP RESPONSE 200
[info] 
[info] === Serving from '/Users/meza/Desktop/Root/01-Dev/Messenger-server'...
[info] 
[info] i  functions: Preparing to emulate functions.
[debug] [2018-06-15T08:36:27.416Z] >>> HTTP REQUEST GET https://appengine.googleapis.com/v1/apps/messenger-1994  
  
 Fri Jun 15 2018 17:36:27 GMT+0900 (JST)
[debug] [2018-06-15T08:36:27.417Z] >>> HTTP REQUEST GET https://apikeys.googleapis.com/v1/projects/messenger-1994/apiKeys  
  
 Fri Jun 15 2018 17:36:27 GMT+0900 (JST)
[debug] [2018-06-15T08:36:28.722Z] <<< HTTP RESPONSE 200
[debug] [2018-06-15T08:36:28.724Z] <<< HTTP RESPONSE 200
[warn] ⚠  functions: Failed to emulate helloWorld2
[debug] [2018-06-15T08:39:50.463Z] ----------------------------------------------------------------------
[debug] [2018-06-15T08:39:50.465Z] Command:       /usr/local/Cellar/node/10.3.0/bin/node /usr/local/bin/firebase serve --only functions
[debug] [2018-06-15T08:39:50.466Z] CLI Version:   3.16.0
[debug] [2018-06-15T08:39:50.466Z] Platform:      darwin
[debug] [2018-06-15T08:39:50.466Z] Node Version:  v10.3.0
[debug] [2018-06-15T08:39:50.466Z] Time:          Fri Jun 15 2018 17:39:50 GMT+0900 (JST)
[debug] [2018-06-15T08:39:50.466Z] ----------------------------------------------------------------------
[debug] 
[debug] [2018-06-15T08:39:50.489Z] > command requires scopes: ["email","openid","https://www.googleapis.com/auth/cloudplatformprojects.readonly","https://www.googleapis.com/auth/firebase","https://www.googleapis.com/auth/cloud-platform"]
[debug] [2018-06-15T08:39:50.489Z] > authorizing via signed-in user
[debug] [2018-06-15T08:39:50.491Z] >>> HTTP REQUEST GET https://admin.firebase.com/v1/projects/messenger-1994  
  
 Fri Jun 15 2018 17:39:50 GMT+0900 (JST)
[debug] [2018-06-15T08:39:51.341Z] <<< HTTP RESPONSE 200
[debug] [2018-06-15T08:39:51.342Z] >>> HTTP REQUEST GET https://admin.firebase.com/v1/database/messenger-1994/tokens  
  
 Fri Jun 15 2018 17:39:51 GMT+0900 (JST)
[debug] [2018-06-15T08:39:52.078Z] <<< HTTP RESPONSE 200
[info] 
[info] === Serving from '/Users/meza/Desktop/Root/01-Dev/Messenger-server'...
[info] 
[info] i  functions: Preparing to emulate functions.
[debug] [2018-06-15T08:39:53.472Z] >>> HTTP REQUEST GET https://appengine.googleapis.com/v1/apps/messenger-1994  
  
 Fri Jun 15 2018 17:39:53 GMT+0900 (JST)
[debug] [2018-06-15T08:39:53.473Z] >>> HTTP REQUEST GET https://apikeys.googleapis.com/v1/projects/messenger-1994/apiKeys  
  
 Fri Jun 15 2018 17:39:53 GMT+0900 (JST)
[debug] [2018-06-15T08:39:54.861Z] <<< HTTP RESPONSE 200
[debug] [2018-06-15T08:39:54.908Z] <<< HTTP RESPONSE 200
[warn] ⚠  functions: Failed to emulate helloWorld2
[debug] [2018-06-15T08:45:05.782Z] ----------------------------------------------------------------------
[debug] [2018-06-15T08:45:05.785Z] Command:       /usr/local/lib/node_modules/node/bin/node /usr/local/bin/firebase serve --only functions
[debug] [2018-06-15T08:45:05.785Z] CLI Version:   3.16.0
[debug] [2018-06-15T08:45:05.785Z] Platform:      darwin
[debug] [2018-06-15T08:45:05.785Z] Node Version:  v6.11.5
[debug] [2018-06-15T08:45:05.786Z] Time:          Fri Jun 15 2018 17:45:05 GMT+0900 (JST)
[debug] [2018-06-15T08:45:05.786Z] ----------------------------------------------------------------------
[debug] 
[debug] [2018-06-15T08:45:05.806Z] > command requires scopes: ["email","openid","https://www.googleapis.com/auth/cloudplatformprojects.readonly","https://www.googleapis.com/auth/firebase","https://www.googleapis.com/auth/cloud-platform"]
[debug] [2018-06-15T08:45:05.806Z] > authorizing via signed-in user
[debug] [2018-06-15T08:45:05.808Z] >>> HTTP REQUEST GET https://admin.firebase.com/v1/projects/messenger-1994  
  
 Fri Jun 15 2018 17:45:05 GMT+0900 (JST)
[debug] [2018-06-15T08:45:06.763Z] <<< HTTP RESPONSE 200
[debug] [2018-06-15T08:45:06.764Z] >>> HTTP REQUEST GET https://admin.firebase.com/v1/database/messenger-1994/tokens  
  
 Fri Jun 15 2018 17:45:06 GMT+0900 (JST)
[debug] [2018-06-15T08:45:07.455Z] <<< HTTP RESPONSE 200
[info] 
[info] === Serving from '/Users/meza/Desktop/Root/01-Dev/Messenger-server'...
[info] 
[info] i  functions: Preparing to emulate functions.
[debug] [2018-06-15T08:45:08.949Z] >>> HTTP REQUEST GET https://appengine.googleapis.com/v1/apps/messenger-1994  
  
 Fri Jun 15 2018 17:45:08 GMT+0900 (JST)
[debug] [2018-06-15T08:45:08.950Z] >>> HTTP REQUEST GET https://apikeys.googleapis.com/v1/projects/messenger-1994/apiKeys  
  
 Fri Jun 15 2018 17:45:08 GMT+0900 (JST)
[debug] [2018-06-15T08:45:10.166Z] <<< HTTP RESPONSE 200
[debug] [2018-06-15T08:45:10.170Z] <<< HTTP RESPONSE 200
[info] ✔  functions: helloWorld2: http://localhost:5000/messenger-1994/us-central1/helloWorld2
[debug] [2018-06-15T08:49:05.258Z] ----------------------------------------------------------------------
[debug] [2018-06-15T08:49:05.261Z] Command:       /usr/local/lib/node_modules/node/bin/node /usr/local/bin/firebase serve --only functions
[debug] [2018-06-15T08:49:05.262Z] CLI Version:   3.16.0
[debug] [2018-06-15T08:49:05.262Z] Platform:      darwin
[debug] [2018-06-15T08:49:05.262Z] Node Version:  v6.11.5
[debug] [2018-06-15T08:49:05.263Z] Time:          Fri Jun 15 2018 17:49:05 GMT+0900 (JST)
[debug] [2018-06-15T08:49:05.263Z] ----------------------------------------------------------------------
[debug] 
[debug] [2018-06-15T08:49:05.287Z] > command requires scopes: ["email","openid","https://www.googleapis.com/auth/cloudplatformprojects.readonly","https://www.googleapis.com/auth/firebase","https://www.googleapis.com/auth/cloud-platform"]
[debug] [2018-06-15T08:49:05.287Z] > authorizing via signed-in user
[debug] [2018-06-15T08:49:05.290Z] >>> HTTP REQUEST GET https://admin.firebase.com/v1/projects/messenger-1994  
  
 Fri Jun 15 2018 17:49:05 GMT+0900 (JST)
[debug] [2018-06-15T08:49:06.102Z] <<< HTTP RESPONSE 200
[debug] [2018-06-15T08:49:06.103Z] >>> HTTP REQUEST GET https://admin.firebase.com/v1/database/messenger-1994/tokens  
  
 Fri Jun 15 2018 17:49:06 GMT+0900 (JST)
[debug] [2018-06-15T08:49:06.856Z] <<< HTTP RESPONSE 200
[info] 
[info] === Serving from '/Users/meza/Desktop/Root/01-Dev/Messenger-server'...
[info] 
[info] i  functions: Preparing to emulate functions.
[debug] [2018-06-15T08:49:08.376Z] >>> HTTP REQUEST GET https://appengine.googleapis.com/v1/apps/messenger-1994  
  
 Fri Jun 15 2018 17:49:08 GMT+0900 (JST)
[debug] [2018-06-15T08:49:08.377Z] >>> HTTP REQUEST GET https://apikeys.googleapis.com/v1/projects/messenger-1994/apiKeys  
  
 Fri Jun 15 2018 17:49:08 GMT+0900 (JST)
[debug] [2018-06-15T08:49:09.554Z] <<< HTTP RESPONSE 200
[debug] [2018-06-15T08:49:09.600Z] <<< HTTP RESPONSE 200
[info] ✔  functions: getUserCredentials: http://localhost:5000/messenger-1994/us-central1/getUserCredentials
[debug] [2018-06-15T08:55:38.014Z] ----------------------------------------------------------------------
[debug] [2018-06-15T08:55:38.017Z] Command:       /usr/local/lib/node_modules/node/bin/node /usr/local/bin/firebase serve --only functions
[debug] [2018-06-15T08:55:38.017Z] CLI Version:   3.16.0
[debug] [2018-06-15T08:55:38.017Z] Platform:      darwin
[debug] [2018-06-15T08:55:38.017Z] Node Version:  v6.11.5
[debug] [2018-06-15T08:55:38.018Z] Time:          Fri Jun 15 2018 17:55:38 GMT+0900 (JST)
[debug] [2018-06-15T08:55:38.018Z] ----------------------------------------------------------------------
[debug] 
[debug] [2018-06-15T08:55:38.039Z] > command requires scopes: ["email","openid","https://www.googleapis.com/auth/cloudplatformprojects.readonly","https://www.googleapis.com/auth/firebase","https://www.googleapis.com/auth/cloud-platform"]
[debug] [2018-06-15T08:55:38.040Z] > authorizing via signed-in user
[debug] [2018-06-15T08:55:38.042Z] > refreshing access token with scopes: ["email","https://www.googleapis.com/auth/cloud-platform","https://www.googleapis.com/auth/cloudplatformprojects.readonly","https://www.googleapis.com/auth/firebase","openid"]
[debug] [2018-06-15T08:55:38.042Z] >>> HTTP REQUEST POST https://www.googleapis.com/oauth2/v3/token  
 { refresh_token: '1/jJVZb3fsOVH-KxiL8MYKr9jWWJdy9XkWm8u-4UDNgGN_mRDuOlgL9xB6zE_KKuIm',
  client_id: '563584335869-fgrhgmd47bqnekij5i8b5pr03ho849e6.apps.googleusercontent.com',
  client_secret: 'j9iVZfS8kkCEFUPaAeJV0sAi',
  grant_type: 'refresh_token',
  scope: 'email https://www.googleapis.com/auth/cloud-platform https://www.googleapis.com/auth/cloudplatformprojects.readonly https://www.googleapis.com/auth/firebase openid' } 
 Fri Jun 15 2018 17:55:38 GMT+0900 (JST)
[debug] [2018-06-15T08:55:38.254Z] <<< HTTP RESPONSE 200
[debug] [2018-06-15T08:55:38.270Z] >>> HTTP REQUEST GET https://admin.firebase.com/v1/projects/messenger-1994  
  
 Fri Jun 15 2018 17:55:38 GMT+0900 (JST)
[debug] [2018-06-15T08:55:39.136Z] <<< HTTP RESPONSE 200
[debug] [2018-06-15T08:55:39.137Z] >>> HTTP REQUEST GET https://admin.firebase.com/v1/database/messenger-1994/tokens  
  
 Fri Jun 15 2018 17:55:39 GMT+0900 (JST)
[debug] [2018-06-15T08:55:39.787Z] <<< HTTP RESPONSE 200
[info] 
[info] === Serving from '/Users/meza/Desktop/Root/01-Dev/Messenger-server'...
[info] 
[info] i  functions: Preparing to emulate functions.
[debug] [2018-06-15T08:55:41.552Z] >>> HTTP REQUEST GET https://appengine.googleapis.com/v1/apps/messenger-1994  
  
 Fri Jun 15 2018 17:55:41 GMT+0900 (JST)
[debug] [2018-06-15T08:55:41.553Z] >>> HTTP REQUEST GET https://apikeys.googleapis.com/v1/projects/messenger-1994/apiKeys  
  
 Fri Jun 15 2018 17:55:41 GMT+0900 (JST)
[debug] [2018-06-15T08:55:42.657Z] <<< HTTP RESPONSE 200
[debug] [2018-06-15T08:55:42.664Z] <<< HTTP RESPONSE 200
[info] ✔  functions: getUserCredentials: http://localhost:5000/messenger-1994/us-central1/getUserCredentials
[debug] [2018-06-15T09:17:49.640Z] ----------------------------------------------------------------------
[debug] [2018-06-15T09:17:49.644Z] Command:       /usr/local/lib/node_modules/node/bin/node /usr/local/bin/firebase serve --only functions
[debug] [2018-06-15T09:17:49.645Z] CLI Version:   3.16.0
[debug] [2018-06-15T09:17:49.645Z] Platform:      darwin
[debug] [2018-06-15T09:17:49.645Z] Node Version:  v6.11.5
[debug] [2018-06-15T09:17:49.646Z] Time:          Fri Jun 15 2018 18:17:49 GMT+0900 (JST)
[debug] [2018-06-15T09:17:49.647Z] ----------------------------------------------------------------------
[debug] 
[debug] [2018-06-15T09:17:49.669Z] > command requires scopes: ["email","openid","https://www.googleapis.com/auth/cloudplatformprojects.readonly","https://www.googleapis.com/auth/firebase","https://www.googleapis.com/auth/cloud-platform"]
[debug] [2018-06-15T09:17:49.669Z] > authorizing via signed-in user
[debug] [2018-06-15T09:17:49.674Z] >>> HTTP REQUEST GET https://admin.firebase.com/v1/projects/messenger-1994  
  
 Fri Jun 15 2018 18:17:49 GMT+0900 (JST)
[debug] [2018-06-15T09:17:50.614Z] <<< HTTP RESPONSE 200
[debug] [2018-06-15T09:17:50.615Z] >>> HTTP REQUEST GET https://admin.firebase.com/v1/database/messenger-1994/tokens  
  
 Fri Jun 15 2018 18:17:50 GMT+0900 (JST)
[debug] [2018-06-15T09:17:51.305Z] <<< HTTP RESPONSE 200
[info] 
[info] === Serving from '/Users/meza/Desktop/Root/01-Dev/Messenger-server'...
[info] 
[info] i  functions: Preparing to emulate functions.
[debug] [2018-06-15T09:17:52.927Z] >>> HTTP REQUEST GET https://appengine.googleapis.com/v1/apps/messenger-1994  
  
 Fri Jun 15 2018 18:17:52 GMT+0900 (JST)
[debug] [2018-06-15T09:17:52.927Z] >>> HTTP REQUEST GET https://apikeys.googleapis.com/v1/projects/messenger-1994/apiKeys  
  
 Fri Jun 15 2018 18:17:52 GMT+0900 (JST)
[debug] [2018-06-15T09:17:54.024Z] <<< HTTP RESPONSE 200
[debug] [2018-06-15T09:17:54.037Z] <<< HTTP RESPONSE 200
[info] ✔  functions: postNewUser: http://localhost:5000/messenger-1994/us-central1/postNewUser
[info] ✔  functions: getUserCredentials: http://localhost:5000/messenger-1994/us-central1/getUserCredentials
[debug] [2018-06-15T09:21:09.036Z] ----------------------------------------------------------------------
[debug] [2018-06-15T09:21:09.039Z] Command:       /usr/local/lib/node_modules/node/bin/node /usr/local/bin/firebase serve --only functions
[debug] [2018-06-15T09:21:09.040Z] CLI Version:   3.16.0
[debug] [2018-06-15T09:21:09.040Z] Platform:      darwin
[debug] [2018-06-15T09:21:09.040Z] Node Version:  v6.11.5
[debug] [2018-06-15T09:21:09.041Z] Time:          Fri Jun 15 2018 18:21:09 GMT+0900 (JST)
[debug] [2018-06-15T09:21:09.041Z] ----------------------------------------------------------------------
[debug] 
[debug] [2018-06-15T09:21:09.060Z] > command requires scopes: ["email","openid","https://www.googleapis.com/auth/cloudplatformprojects.readonly","https://www.googleapis.com/auth/firebase","https://www.googleapis.com/auth/cloud-platform"]
[debug] [2018-06-15T09:21:09.061Z] > authorizing via signed-in user
[debug] [2018-06-15T09:21:09.063Z] >>> HTTP REQUEST GET https://admin.firebase.com/v1/projects/messenger-1994  
  
 Fri Jun 15 2018 18:21:09 GMT+0900 (JST)
[debug] [2018-06-15T09:21:09.839Z] <<< HTTP RESPONSE 200
[debug] [2018-06-15T09:21:09.840Z] >>> HTTP REQUEST GET https://admin.firebase.com/v1/database/messenger-1994/tokens  
  
 Fri Jun 15 2018 18:21:09 GMT+0900 (JST)
[debug] [2018-06-15T09:21:10.517Z] <<< HTTP RESPONSE 200
[info] 
[info] === Serving from '/Users/meza/Desktop/Root/01-Dev/Messenger-server'...
[info] 
[info] i  functions: Preparing to emulate functions.
[debug] [2018-06-15T09:21:11.170Z] >>> HTTP REQUEST GET https://appengine.googleapis.com/v1/apps/messenger-1994  
  
 Fri Jun 15 2018 18:21:11 GMT+0900 (JST)
[debug] [2018-06-15T09:21:11.171Z] >>> HTTP REQUEST GET https://apikeys.googleapis.com/v1/projects/messenger-1994/apiKeys  
  
 Fri Jun 15 2018 18:21:11 GMT+0900 (JST)
[debug] [2018-06-15T09:21:12.379Z] <<< HTTP RESPONSE 200
[debug] [2018-06-15T09:21:12.402Z] <<< HTTP RESPONSE 200
[info] ✔  functions: getUserCredentials: http://localhost:5000/messenger-1994/us-central1/getUserCredentials
[info] ✔  functions: postNewUser: http://localhost:5000/messenger-1994/us-central1/postNewUser
[debug] [2018-06-15T09:22:03.755Z] ----------------------------------------------------------------------
[debug] [2018-06-15T09:22:03.759Z] Command:       /usr/local/lib/node_modules/node/bin/node /usr/local/bin/firebase serve --only functions
[debug] [2018-06-15T09:22:03.760Z] CLI Version:   3.16.0
[debug] [2018-06-15T09:22:03.760Z] Platform:      darwin
[debug] [2018-06-15T09:22:03.760Z] Node Version:  v6.11.5
[debug] [2018-06-15T09:22:03.761Z] Time:          Fri Jun 15 2018 18:22:03 GMT+0900 (JST)
[debug] [2018-06-15T09:22:03.761Z] ----------------------------------------------------------------------
[debug] 
[debug] [2018-06-15T09:22:03.784Z] > command requires scopes: ["email","openid","https://www.googleapis.com/auth/cloudplatformprojects.readonly","https://www.googleapis.com/auth/firebase","https://www.googleapis.com/auth/cloud-platform"]
[debug] [2018-06-15T09:22:03.784Z] > authorizing via signed-in user
[debug] [2018-06-15T09:22:03.787Z] >>> HTTP REQUEST GET https://admin.firebase.com/v1/projects/messenger-1994  
  
 Fri Jun 15 2018 18:22:03 GMT+0900 (JST)
[debug] [2018-06-15T09:22:04.675Z] <<< HTTP RESPONSE 200
[debug] [2018-06-15T09:22:04.676Z] >>> HTTP REQUEST GET https://admin.firebase.com/v1/database/messenger-1994/tokens  
  
 Fri Jun 15 2018 18:22:04 GMT+0900 (JST)
[debug] [2018-06-15T09:22:05.525Z] <<< HTTP RESPONSE 200
[info] 
[info] === Serving from '/Users/meza/Desktop/Root/01-Dev/Messenger-server'...
[info] 
[info] i  functions: Preparing to emulate functions.
[debug] [2018-06-15T09:22:06.203Z] >>> HTTP REQUEST GET https://appengine.googleapis.com/v1/apps/messenger-1994  
  
 Fri Jun 15 2018 18:22:06 GMT+0900 (JST)
[debug] [2018-06-15T09:22:06.204Z] >>> HTTP REQUEST GET https://apikeys.googleapis.com/v1/projects/messenger-1994/apiKeys  
  
 Fri Jun 15 2018 18:22:06 GMT+0900 (JST)
[debug] [2018-06-15T09:22:07.427Z] <<< HTTP RESPONSE 200
[debug] [2018-06-15T09:22:07.478Z] <<< HTTP RESPONSE 200
[info] ✔  functions: getUserCredentials: http://localhost:5000/messenger-1994/us-central1/getUserCredentials
[info] ✔  functions: postNewUser: http://localhost:5000/messenger-1994/us-central1/postNewUser
[debug] [2018-06-15T09:24:35.425Z] ----------------------------------------------------------------------
[debug] [2018-06-15T09:24:35.428Z] Command:       /usr/local/lib/node_modules/node/bin/node /usr/local/bin/firebase serve --only functions
[debug] [2018-06-15T09:24:35.428Z] CLI Version:   3.16.0
[debug] [2018-06-15T09:24:35.428Z] Platform:      darwin
[debug] [2018-06-15T09:24:35.428Z] Node Version:  v6.11.5
[debug] [2018-06-15T09:24:35.429Z] Time:          Fri Jun 15 2018 18:24:35 GMT+0900 (JST)
[debug] [2018-06-15T09:24:35.429Z] ----------------------------------------------------------------------
[debug] 
[debug] [2018-06-15T09:24:35.450Z] > command requires scopes: ["email","openid","https://www.googleapis.com/auth/cloudplatformprojects.readonly","https://www.googleapis.com/auth/firebase","https://www.googleapis.com/auth/cloud-platform"]
[debug] [2018-06-15T09:24:35.450Z] > authorizing via signed-in user
[debug] [2018-06-15T09:24:35.452Z] >>> HTTP REQUEST GET https://admin.firebase.com/v1/projects/messenger-1994  
  
 Fri Jun 15 2018 18:24:35 GMT+0900 (JST)
[debug] [2018-06-15T09:24:36.495Z] <<< HTTP RESPONSE 200
[debug] [2018-06-15T09:24:36.496Z] >>> HTTP REQUEST GET https://admin.firebase.com/v1/database/messenger-1994/tokens  
  
 Fri Jun 15 2018 18:24:36 GMT+0900 (JST)
[debug] [2018-06-15T09:24:37.190Z] <<< HTTP RESPONSE 200
[info] 
[info] === Serving from '/Users/meza/Desktop/Root/01-Dev/Messenger-server'...
[info] 
[info] i  functions: Preparing to emulate functions.
[debug] [2018-06-15T09:24:38.653Z] >>> HTTP REQUEST GET https://appengine.googleapis.com/v1/apps/messenger-1994  
  
 Fri Jun 15 2018 18:24:38 GMT+0900 (JST)
[debug] [2018-06-15T09:24:38.654Z] >>> HTTP REQUEST GET https://apikeys.googleapis.com/v1/projects/messenger-1994/apiKeys  
  
 Fri Jun 15 2018 18:24:38 GMT+0900 (JST)
[debug] [2018-06-15T09:24:39.811Z] <<< HTTP RESPONSE 200
[debug] [2018-06-15T09:24:39.873Z] <<< HTTP RESPONSE 200
[info] ✔  functions: getUserCredentials: http://localhost:5000/messenger-1994/us-central1/getUserCredentials
[info] ✔  functions: postNewUser: http://localhost:5000/messenger-1994/us-central1/postNewUser
[debug] [2018-06-15T09:28:51.450Z] ----------------------------------------------------------------------
[debug] [2018-06-15T09:28:51.453Z] Command:       /usr/local/lib/node_modules/node/bin/node /usr/local/bin/firebase serve --only functions
[debug] [2018-06-15T09:28:51.454Z] CLI Version:   3.16.0
[debug] [2018-06-15T09:28:51.454Z] Platform:      darwin
[debug] [2018-06-15T09:28:51.454Z] Node Version:  v6.11.5
[debug] [2018-06-15T09:28:51.454Z] Time:          Fri Jun 15 2018 18:28:51 GMT+0900 (JST)
[debug] [2018-06-15T09:28:51.455Z] ----------------------------------------------------------------------
[debug] 
[debug] [2018-06-15T09:28:51.478Z] > command requires scopes: ["email","openid","https://www.googleapis.com/auth/cloudplatformprojects.readonly","https://www.googleapis.com/auth/firebase","https://www.googleapis.com/auth/cloud-platform"]
[debug] [2018-06-15T09:28:51.478Z] > authorizing via signed-in user
[debug] [2018-06-15T09:28:51.481Z] >>> HTTP REQUEST GET https://admin.firebase.com/v1/projects/messenger-1994  
  
 Fri Jun 15 2018 18:28:51 GMT+0900 (JST)
[debug] [2018-06-15T09:28:52.267Z] <<< HTTP RESPONSE 200
[debug] [2018-06-15T09:28:52.268Z] >>> HTTP REQUEST GET https://admin.firebase.com/v1/database/messenger-1994/tokens  
  
 Fri Jun 15 2018 18:28:52 GMT+0900 (JST)
[debug] [2018-06-15T09:28:52.942Z] <<< HTTP RESPONSE 200
[info] 
[info] === Serving from '/Users/meza/Desktop/Root/01-Dev/Messenger-server'...
[info] 
[info] i  functions: Preparing to emulate functions.
[debug] [2018-06-15T09:28:54.416Z] >>> HTTP REQUEST GET https://appengine.googleapis.com/v1/apps/messenger-1994  
  
 Fri Jun 15 2018 18:28:54 GMT+0900 (JST)
[debug] [2018-06-15T09:28:54.417Z] >>> HTTP REQUEST GET https://apikeys.googleapis.com/v1/projects/messenger-1994/apiKeys  
  
 Fri Jun 15 2018 18:28:54 GMT+0900 (JST)
[debug] [2018-06-15T09:28:55.649Z] <<< HTTP RESPONSE 200
[debug] [2018-06-15T09:28:55.661Z] <<< HTTP RESPONSE 200
[info] ✔  functions: postNewUser: http://localhost:5000/messenger-1994/us-central1/postNewUser
[info] ✔  functions: getUserCredentials: http://localhost:5000/messenger-1994/us-central1/getUserCredentials
[debug] [2018-06-15T09:33:57.428Z] ----------------------------------------------------------------------
[debug] [2018-06-15T09:33:57.431Z] Command:       /usr/local/lib/node_modules/node/bin/node /usr/local/bin/firebase serve --only functions
[debug] [2018-06-15T09:33:57.432Z] CLI Version:   3.16.0
[debug] [2018-06-15T09:33:57.432Z] Platform:      darwin
[debug] [2018-06-15T09:33:57.432Z] Node Version:  v6.11.5
[debug] [2018-06-15T09:33:57.432Z] Time:          Fri Jun 15 2018 18:33:57 GMT+0900 (JST)
[debug] [2018-06-15T09:33:57.433Z] ----------------------------------------------------------------------
[debug] 
[debug] [2018-06-15T09:33:57.451Z] > command requires scopes: ["email","openid","https://www.googleapis.com/auth/cloudplatformprojects.readonly","https://www.googleapis.com/auth/firebase","https://www.googleapis.com/auth/cloud-platform"]
[debug] [2018-06-15T09:33:57.451Z] > authorizing via signed-in user
[debug] [2018-06-15T09:33:57.454Z] >>> HTTP REQUEST GET https://admin.firebase.com/v1/projects/messenger-1994  
  
 Fri Jun 15 2018 18:33:57 GMT+0900 (JST)
[debug] [2018-06-15T09:33:58.451Z] <<< HTTP RESPONSE 200
[debug] [2018-06-15T09:33:58.452Z] >>> HTTP REQUEST GET https://admin.firebase.com/v1/database/messenger-1994/tokens  
  
 Fri Jun 15 2018 18:33:58 GMT+0900 (JST)
[debug] [2018-06-15T09:33:59.093Z] <<< HTTP RESPONSE 200
[info] 
[info] === Serving from '/Users/meza/Desktop/Root/01-Dev/Messenger-server'...
[info] 
[info] i  functions: Preparing to emulate functions.
[debug] [2018-06-15T09:34:00.525Z] >>> HTTP REQUEST GET https://appengine.googleapis.com/v1/apps/messenger-1994  
  
 Fri Jun 15 2018 18:34:00 GMT+0900 (JST)
[debug] [2018-06-15T09:34:00.526Z] >>> HTTP REQUEST GET https://apikeys.googleapis.com/v1/projects/messenger-1994/apiKeys  
  
 Fri Jun 15 2018 18:34:00 GMT+0900 (JST)
[debug] [2018-06-15T09:34:01.562Z] <<< HTTP RESPONSE 200
[debug] [2018-06-15T09:34:01.612Z] <<< HTTP RESPONSE 200
[warn] ⚠  functions: Failed to load functions source code. Ensure that you have the latest SDK by running npm i --save firebase-functions inside the functions directory.
[warn] ⚠  functions: Error from emulator. FirebaseError: Error occurred while parsing your function triggers.

Error: The default Firebase app already exists. This means you called initializeApp() more than once without providing an app name as the second argument. In most cases you only need to call initializeApp() once. But if you do want to initialize multiple apps, pass a second argument to initializeApp() to give each app a unique name.
    at FirebaseAppError.Error (native)
    at FirebaseAppError.FirebaseError [as constructor] (/Users/meza/Desktop/Root/01-Dev/Messenger-server/functions/node_modules/firebase-admin/lib/utils/error.js:39:28)
    at FirebaseAppError.PrefixedFirebaseError [as constructor] (/Users/meza/Desktop/Root/01-Dev/Messenger-server/functions/node_modules/firebase-admin/lib/utils/error.js:85:28)
    at new FirebaseAppError (/Users/meza/Desktop/Root/01-Dev/Messenger-server/functions/node_modules/firebase-admin/lib/utils/error.js:119:28)
    at FirebaseNamespaceInternals.initializeApp (/Users/meza/Desktop/Root/01-Dev/Messenger-server/functions/node_modules/firebase-admin/lib/firebase-namespace.js:68:23)
    at FirebaseNamespace.initializeApp (/Users/meza/Desktop/Root/01-Dev/Messenger-server/functions/node_modules/firebase-admin/lib/firebase-namespace.js:362:30)
    at Object.<anonymous> (/Users/meza/Desktop/Root/01-Dev/Messenger-server/functions/lib/index.js:6:7)
    at Module._compile (module.js:570:32)
    at Object.Module._extensions..js (module.js:579:10)
    at Module.load (module.js:487:32)
[debug] [2018-06-15T09:35:43.829Z] ----------------------------------------------------------------------
[debug] [2018-06-15T09:35:43.832Z] Command:       /usr/local/lib/node_modules/node/bin/node /usr/local/bin/firebase serve --only functions
[debug] [2018-06-15T09:35:43.833Z] CLI Version:   3.16.0
[debug] [2018-06-15T09:35:43.833Z] Platform:      darwin
[debug] [2018-06-15T09:35:43.833Z] Node Version:  v6.11.5
[debug] [2018-06-15T09:35:43.834Z] Time:          Fri Jun 15 2018 18:35:43 GMT+0900 (JST)
[debug] [2018-06-15T09:35:43.834Z] ----------------------------------------------------------------------
[debug] 
[debug] [2018-06-15T09:35:43.849Z] > command requires scopes: ["email","openid","https://www.googleapis.com/auth/cloudplatformprojects.readonly","https://www.googleapis.com/auth/firebase","https://www.googleapis.com/auth/cloud-platform"]
[debug] [2018-06-15T09:35:43.849Z] > authorizing via signed-in user
[debug] [2018-06-15T09:35:43.851Z] >>> HTTP REQUEST GET https://admin.firebase.com/v1/projects/messenger-1994  
  
 Fri Jun 15 2018 18:35:43 GMT+0900 (JST)
[debug] [2018-06-15T09:35:44.700Z] <<< HTTP RESPONSE 200
[debug] [2018-06-15T09:35:44.701Z] >>> HTTP REQUEST GET https://admin.firebase.com/v1/database/messenger-1994/tokens  
  
 Fri Jun 15 2018 18:35:44 GMT+0900 (JST)
[debug] [2018-06-15T09:35:45.542Z] <<< HTTP RESPONSE 200
[info] 
[info] === Serving from '/Users/meza/Desktop/Root/01-Dev/Messenger-server'...
[info] 
[info] i  functions: Preparing to emulate functions.
[debug] [2018-06-15T09:35:46.276Z] >>> HTTP REQUEST GET https://appengine.googleapis.com/v1/apps/messenger-1994  
  
 Fri Jun 15 2018 18:35:46 GMT+0900 (JST)
[debug] [2018-06-15T09:35:46.276Z] >>> HTTP REQUEST GET https://apikeys.googleapis.com/v1/projects/messenger-1994/apiKeys  
  
 Fri Jun 15 2018 18:35:46 GMT+0900 (JST)
[debug] [2018-06-15T09:35:47.385Z] <<< HTTP RESPONSE 200
[debug] [2018-06-15T09:35:47.691Z] <<< HTTP RESPONSE 200
[warn] ⚠  functions: Failed to load functions source code. Ensure that you have the latest SDK by running npm i --save firebase-functions inside the functions directory.
[warn] ⚠  functions: Error from emulator. FirebaseError: Error occurred while parsing your function triggers.

Error: The default Firebase app already exists. This means you called initializeApp() more than once without providing an app name as the second argument. In most cases you only need to call initializeApp() once. But if you do want to initialize multiple apps, pass a second argument to initializeApp() to give each app a unique name.
    at FirebaseAppError.Error (native)
    at FirebaseAppError.FirebaseError [as constructor] (/Users/meza/Desktop/Root/01-Dev/Messenger-server/functions/node_modules/firebase-admin/lib/utils/error.js:39:28)
    at FirebaseAppError.PrefixedFirebaseError [as constructor] (/Users/meza/Desktop/Root/01-Dev/Messenger-server/functions/node_modules/firebase-admin/lib/utils/error.js:85:28)
    at new FirebaseAppError (/Users/meza/Desktop/Root/01-Dev/Messenger-server/functions/node_modules/firebase-admin/lib/utils/error.js:119:28)
    at FirebaseNamespaceInternals.initializeApp (/Users/meza/Desktop/Root/01-Dev/Messenger-server/functions/node_modules/firebase-admin/lib/firebase-namespace.js:68:23)
    at FirebaseNamespace.initializeApp (/Users/meza/Desktop/Root/01-Dev/Messenger-server/functions/node_modules/firebase-admin/lib/firebase-namespace.js:362:30)
    at Object.<anonymous> (/Users/meza/Desktop/Root/01-Dev/Messenger-server/functions/lib/index.js:6:7)
    at Module._compile (module.js:570:32)
    at Object.Module._extensions..js (module.js:579:10)
    at Module.load (module.js:487:32)
[debug] [2018-06-15T09:37:07.662Z] ----------------------------------------------------------------------
[debug] [2018-06-15T09:37:07.665Z] Command:       /usr/local/lib/node_modules/node/bin/node /usr/local/bin/firebase serve --only functions
[debug] [2018-06-15T09:37:07.666Z] CLI Version:   3.16.0
[debug] [2018-06-15T09:37:07.666Z] Platform:      darwin
[debug] [2018-06-15T09:37:07.666Z] Node Version:  v6.11.5
[debug] [2018-06-15T09:37:07.667Z] Time:          Fri Jun 15 2018 18:37:07 GMT+0900 (JST)
[debug] [2018-06-15T09:37:07.667Z] ----------------------------------------------------------------------
[debug] 
[debug] [2018-06-15T09:37:07.680Z] > command requires scopes: ["email","openid","https://www.googleapis.com/auth/cloudplatformprojects.readonly","https://www.googleapis.com/auth/firebase","https://www.googleapis.com/auth/cloud-platform"]
[debug] [2018-06-15T09:37:07.680Z] > authorizing via signed-in user
[debug] [2018-06-15T09:37:07.682Z] >>> HTTP REQUEST GET https://admin.firebase.com/v1/projects/messenger-1994  
  
 Fri Jun 15 2018 18:37:07 GMT+0900 (JST)
[debug] [2018-06-15T09:37:08.474Z] <<< HTTP RESPONSE 200
[debug] [2018-06-15T09:37:08.476Z] >>> HTTP REQUEST GET https://admin.firebase.com/v1/database/messenger-1994/tokens  
  
 Fri Jun 15 2018 18:37:08 GMT+0900 (JST)
[debug] [2018-06-15T09:37:09.147Z] <<< HTTP RESPONSE 200
[info] 
[info] === Serving from '/Users/meza/Desktop/Root/01-Dev/Messenger-server'...
[info] 
[info] i  functions: Preparing to emulate functions.
[debug] [2018-06-15T09:37:09.789Z] >>> HTTP REQUEST GET https://appengine.googleapis.com/v1/apps/messenger-1994  
  
 Fri Jun 15 2018 18:37:09 GMT+0900 (JST)
[debug] [2018-06-15T09:37:09.790Z] >>> HTTP REQUEST GET https://apikeys.googleapis.com/v1/projects/messenger-1994/apiKeys  
  
 Fri Jun 15 2018 18:37:09 GMT+0900 (JST)
[debug] [2018-06-15T09:37:10.843Z] <<< HTTP RESPONSE 200
[debug] [2018-06-15T09:37:10.847Z] <<< HTTP RESPONSE 200
[info] ✔  functions: postNewUser: http://localhost:5000/messenger-1994/us-central1/postNewUser
[info] ✔  functions: getUserCredentials: http://localhost:5000/messenger-1994/us-central1/getUserCredentials
