[debug] [2018-06-15T08:27:03.586Z] ----------------------------------------------------------------------
[debug] [2018-06-15T08:27:03.588Z] Command:       /usr/local/Cellar/node/10.3.0/bin/node /usr/local/bin/firebase serve --only functions:helloWorld2
[debug] [2018-06-15T08:27:03.588Z] CLI Version:   3.18.6
[debug] [2018-06-15T08:27:03.589Z] Platform:      darwin
[debug] [2018-06-15T08:27:03.589Z] Node Version:  v10.3.0
[debug] [2018-06-15T08:27:03.589Z] Time:          Fri Jun 15 2018 17:27:03 GMT+0900 (JST)
[debug] [2018-06-15T08:27:03.589Z] ----------------------------------------------------------------------
[debug] 
[debug] [2018-06-15T08:27:03.606Z] > command requires scopes: ["email","openid","https://www.googleapis.com/auth/cloudplatformprojects.readonly","https://www.googleapis.com/auth/firebase","https://www.googleapis.com/auth/cloud-platform"]
[debug] [2018-06-15T08:27:03.606Z] > authorizing via signed-in user
[debug] [2018-06-15T08:27:03.608Z] >>> HTTP REQUEST GET https://admin.firebase.com/v1/projects/messenger-1994  
  
 Fri Jun 15 2018 17:27:03 GMT+0900 (JST)
[debug] [2018-06-15T08:27:04.577Z] <<< HTTP RESPONSE 200
[debug] [2018-06-15T08:27:04.578Z] >>> HTTP REQUEST GET https://admin.firebase.com/v1/database/messenger-1994/tokens  
  
 Fri Jun 15 2018 17:27:04 GMT+0900 (JST)
[debug] [2018-06-15T08:27:05.278Z] <<< HTTP RESPONSE 200
[debug] [2018-06-15T08:27:05.280Z] >>> HTTP REQUEST GET https://cloudresourcemanager.googleapis.com/v1/projects/messenger-1994  
  
 Fri Jun 15 2018 17:27:05 GMT+0900 (JST)
[debug] [2018-06-15T08:27:06.202Z] <<< HTTP RESPONSE 200
[info] 
[info] === Serving from '/Users/meza/Desktop/Root/01-Dev/Messenger-server'...
[info] 
[info] i  functions: Preparing to emulate functions.
[debug] [2018-06-15T08:27:07.483Z] Fetching environment
[debug] [2018-06-15T08:27:07.485Z] >>> HTTP REQUEST GET https://mobilesdk-pa.googleapis.com/v1/projects/465874014219:getServerAppConfig  
  
 Fri Jun 15 2018 17:27:07 GMT+0900 (JST)
[debug] [2018-06-15T08:27:08.249Z] <<< HTTP RESPONSE 200
[debug] [2018-06-15T08:27:08.249Z] Starting @google-cloud/functions-emulator
[debug] [2018-06-15T08:27:10.318Z] Parsing function triggers
[debug] [2018-06-15T08:27:10.656Z] Error while deploying to emulator: RangeError [ERR_OUT_OF_RANGE]: The value of "value" is out of range. It must be >= -2147483648 and <= 2147483647. Received 2924387119
RangeError [ERR_OUT_OF_RANGE]: The value of "value" is out of range. It must be >= -2147483648 and <= 2147483647. Received 2924387119
    at checkInt (internal/buffer.js:35:11)
    at writeU_Int32LE (internal/buffer.js:515:3)
    at Buffer.writeInt32LE (internal/buffer.js:684:10)
    at Object.entryHeaderToBinary (/usr/local/lib/node_modules/firebase-tools/node_modules/adm-zip/headers/entryHeader.js:216:18)
    at Object.packHeader (/usr/local/lib/node_modules/firebase-tools/node_modules/adm-zip/zipEntry.js:260:39)
    at /usr/local/lib/node_modules/firebase-tools/node_modules/adm-zip/zipFile.js:198:41
    at Array.forEach (<anonymous>)
    at Object.compressToBuffer (/usr/local/lib/node_modules/firebase-tools/node_modules/adm-zip/zipFile.js:182:23)
    at Object.writeZip (/usr/local/lib/node_modules/firebase-tools/node_modules/adm-zip/adm-zip.js:454:32)
    at client.generateUploadUrl.then.then (/usr/local/lib/node_modules/firebase-tools/node_modules/@google-cloud/functions-emulator/src/cli/controller.js:168:13)
[warn] ⚠  functions: Failed to emulate helloWorld2
[info] i  functions: No HTTPS functions found. Use firebase functions:shell if you would like to emulate other types of functions.
